2020/07/07 07:40:07 OnKill
2020/07/07 07:36:48  length 2
2020/07/07 07:35:14  length 3
7:31:50 End Function
2020/07/07 07:31:50 ==== Start ====
2020/07/07 07:31:50 Focus Window
2020/07/07 07:31:51 Press Key 47
2020/07/07 07:31:51 Press Key 47
2020/07/07 07:31:51 Press Key 32
2020/07/07 07:31:52 Press Key 80
2020/07/07 07:31:52 Press Key 97
2020/07/07 07:31:52 END
2020/07/07 07:32:07  length 1
2020/07/07 07:32:19 ==== Start ==== 1594081939

2020/07/07 07:32:19 End Function
2020/07/07 07:32:19 ==== Start ====
2020/07/07 07:32:19 Focus Window
2020/07/07 07:32:21 END
2020/07/07 07:32:23 ==== Start ==== 1594081943

2020/07/07 07:32:23 End Function
2020/07/07 07:32:23 ==== Start ====
2020/07/07 07:32:23 Focus Window
2020/07/07 07:32:24 END
2020/07/07 07:32:27 ==== Start ==== 1594081947

2020/07/07 07:32:27 End Function
2020/07/07 07:32:27 ==== Start ====
2020/07/07 07:32:27 Focus Window
2020/07/07 07:32:28 END
2020/07/07 07:32:34 ==== Start ==== 1594081954

2020/07/07 07:32:34 End Function
2020/07/07 07:32:34 ==== Start ====
2020/07/07 07:32:34 Focus Window
2020/07/07 07:32:36 END
2020/07/07 07:32:40 ==== Start ==== 1594081960

2020/07/07 07:32:40 End Function
2020/07/07 07:32:40 ==== Start ====
2020/07/07 07:32:40 Focus Window
2020/07/07 07:32:41 END
 Press Key 99
2020/07/07 07:16:35 Press Key 107
2020/07/07 07:16:36 Press Key 97
2020/07/07 07:16:36 Press Key 103
2020/07/07 07:16:36 Press Key 101
2020/07/07 07:16:37 Press Key 32
2020/07/07 07:16:37 Press Key 97
2020/07/07 07:16:37 Press Key 112
2020/07/07 07:16:37 Press Key 112
2020/07/07 07:16:38 Press Key 10
2020/07/07 07:16:38 Press Key 10
2020/07/07 07:16:38 Press Key 105
2020/07/07 07:16:39 Press Key 109
2020/07/07 07:16:39 Press Key 112
2020/07/07 07:16:39 Press Key 111
2020/07/07 07:16:40 Press Key 114
2020/07/07 07:16:40 Press Key 116
2020/07/07 07:16:40 Press Key 32
2020/07/07 07:16:41 Press Key 40
2020/07/07 07:16:41 Press Key 10
2020/07/07 07:16:41 Press Key 9
2020/07/07 07:16:41 Press Key 47
2020/07/07 07:16:42 Mouse Click
2020/07/07 07:16:42 Press Key 47
2020/07/07 07:16:43 Press Key 32
2020/07/07 07:16:43 Press Key 34
2020/07/07 07:16:43 Press Key 103
2020/07/07 07:16:44 Press Key 105
2020/07/07 07:16:44 Press Key 116
2020/07/07 07:16:44 Press Key 104
2020/07/07 07:16:44 Press Key 117
2020/07/07 07:16:45 Press Key 98
2020/07/07 07:16:45 Press Key 46
2020/07/07 07:16:45 Press Key 99
2020/07/07 07:16:46 Press Key 111
2020/07/07 07:16:46 Press Key 109
2020/07/07 07:16:46 Press Key 47
2020/07/07 07:16:47 Press Key 110
2020/07/07 07:16:47 Press Key 115
2020/07/07 07:16:47 Press Key 102
2020/07/07 07:16:47 Press Key 47
2020/07/07 07:16:48 Press Key 116
2020/07/07 07:16:48 Press Key 101
2020/07/07 07:16:48 Press Key 114
2020/07/07 07:16:49 Press Key 109
2020/07/07 07:16:49 Press Key 98
2020/07/07 07:16:49 Press Key 111
2020/07/07 07:16:50 Press Key 120
2020/07/07 07:16:50 Press Key 45
2020/07/07 07:16:50 Press Key 103
2020/07/07 07:16:50 Press Key 111
2020/07/07 07:16:51 Mouse Click
2020/07/07 07:16:51 Press Key 34
2020/07/07 07:16:52 Press Key 10
2020/07/07 07:16:52 Press Key 9
2020/07/07 07:16:52 Press Key 34
2020/07/07 07:16:53 Press Key 102
2020/07/07 07:16:53 Press Key 109
2020/07/07 07:16:53 Press Key 116
2020/07/07 07:16:53 Press Key 34
2020/07/07 07:16:54 Press Key 10
2020/07/07 07:16:54 Press Key 9
2020/07/07 07:16:54 Press Key 34
2020/07/07 07:16:55 Press Key 108
2020/07/07 07:16:55 Press Key 111
2020/07/07 07:16:55 Press Key 103
2020/07/07 07:16:56 Press Key 34
2020/07/07 07:16:56 Press Key 10
2020/07/07 07:16:56 Press Key 10
2020/07/07 07:16:57 Press Key 9
2020/07/07 07:16:57 Press Key 34
2020/07/07 07:16:57 Press Key 103
2020/07/07 07:16:57 Press Key 105
2020/07/07 07:16:58 Press Key 116
2020/07/07 07:16:58 Press Key 104
2020/07/07 07:16:58 Press Key 117
2020/07/07 07:16:59 Press Key 98
2020/07/07 07:16:59 Press Key 46
2020/07/07 07:16:59 Press Key 99
2020/07/07 07:17:00 Mouse Click
2020/07/07 07:17:00 Press Key 111
2020/07/07 07:17:00 Press Key 109
2020/07/07 07:17:01 Press Key 47
2020/07/07 07:17:01 Press Key 106
2020/07/07 07:17:01 Press Key 114
2020/07/07 07:17:02 Press Key 111
2020/07/07 07:17:02 Press Key 105
2020/07/07 07:17:02 Press Key 109
2020/07/07 07:17:03 Press Key 97
2020/07/07 07:17:03 Press Key 114
2020/07/07 07:17:03 Press Key 116
2020/07/07 07:17:03 Press Key 105
2020/07/07 07:17:04 Press Key 110
2020/07/07 07:17:04 Press Key 47
2020/07/07 07:17:04 Press Key 103
2020/07/07 07:17:05 Press Key 111
2020/07/07 07:17:05 Press Key 99
2020/07/07 07:17:05 Press Key 117
2020/07/07 07:17:06 Press Key 105
2020/07/07 07:17:06 Press Key 34
2020/07/07 07:17:06 Press Key 10
2020/07/07 07:17:06 Press Key 9
2020/07/07 07:17:07 Press Key 34
2020/07/07 07:17:07 Press Key 103
2020/07/07 07:17:07 Press Key 105
2020/07/07 07:17:08 Press Key 116
2020/07/07 07:17:08 Press Key 104
2020/07/07 07:17:08 Press Key 117
2020/07/07 07:17:09 Mouse Click
2020/07/07 07:17:09 Press Key 98
2020/07/07 07:17:09 Press Key 46
2020/07/07 07:17:10 Press Key 99
2020/07/07 07:17:10 Press Key 111
2020/07/07 07:17:10 Press Key 109
2020/07/07 07:17:11 Press Key 47
2020/07/07 07:17:11 Press Key 119
2020/07/07 07:17:11 Press Key 105
2020/07/07 07:17:12 Press Key 110
2020/07/07 07:17:12 Press Key 100
2020/07/07 07:17:12 Press Key 119
2020/07/07 07:17:13 Press Key 112
2020/07/07 07:17:13 Press Key 47
2020/07/07 07:17:13 Press Key 103
2020/07/07 07:17:13 Press Key 111
2020/07/07 07:17:14 Press Key 45
2020/07/07 07:17:14 Press Key 97
2020/07/07 07:17:14 Press Key 116
2020/07/07 07:17:15 Press Key 47
2020/07/07 07:17:15 Press Key 112
2020/07/07 07:17:15 Press Key 107
2020/07/07 07:17:16 Press Key 103
2020/07/07 07:17:16 Press Key 47
2020/07/07 07:17:16 Press Key 103
2020/07/07 07:17:16 Press Key 117
2020/07/07 07:17:17 Press Key 105
2020/07/07 07:17:17 Press Key 34
2020/07/07 07:17:17 Press Key 10
2020/07/07 07:17:18 Mouse Click
2020/07/07 07:17:18 Press Key 9
2020/07/07 07:17:19 Press Key 34
2020/07/07 07:17:19 Press Key 103
2020/07/07 07:17:19 Press Key 105
2020/07/07 07:17:19 Press Key 116
2020/07/07 07:17:20 Press Key 104
2020/07/07 07:17:20 Press Key 117
2020/07/07 07:17:20 Press Key 98
2020/07/07 07:17:21 Press Key 46
2020/07/07 07:17:21 Press Key 99
2020/07/07 07:17:21 Press Key 111
2020/07/07 07:17:22 Press Key 109
2020/07/07 07:17:22 Press Key 47
2020/07/07 07:17:22 Press Key 119
2020/07/07 07:17:22 Press Key 105
2020/07/07 07:17:23 Press Key 110
2020/07/07 07:17:23 Press Key 100
2020/07/07 07:17:23 Press Key 119
2020/07/07 07:17:24 Press Key 112
2020/07/07 07:17:24 Press Key 47
2020/07/07 07:17:24 Press Key 103
2020/07/07 07:17:25 Press Key 111
2020/07/07 07:17:25 Press Key 45
2020/07/07 07:17:25 Press Key 97
2020/07/07 07:17:25 Press Key 116
2020/07/07 07:17:26 Press Key 47
2020/07/07 07:17:26 Press Key 112
2020/07/07 07:17:26 Press Key 107
2020/07/07 07:17:27 Mouse Click
2020/07/07 07:17:27 Press Key 103
2020/07/07 07:17:28 Press Key 47
2020/07/07 07:17:28 Press Key 109
2020/07/07 07:17:28 Press Key 111
2020/07/07 07:17:28 Press Key 100
2020/07/07 07:17:29 Press Key 101
2020/07/07 07:17:29 Press Key 108
2020/07/07 07:17:29 Press Key 34
2020/07/07 07:17:30 Press Key 10
2020/07/07 07:17:30 Press Key 41
2020/07/07 07:17:30 Press Key 10
2020/07/07 07:17:31 Press Key 10
2020/07/07 07:17:31 Press Key 118
2020/07/07 07:17:31 Press Key 97
2020/07/07 07:17:32 Press Key 114
2020/07/07 07:17:32 Press Key 32
2020/07/07 07:17:32 Press Key 98
2020/07/07 07:17:32 Press Key 105
2020/07/07 07:17:33 Press Key 110
2020/07/07 07:17:33 Press Key 100
2020/07/07 07:17:33 Press Key 105
2020/07/07 07:17:34 Press Key 110
2020/07/07 07:17:34 Press Key 103
2020/07/07 07:17:34 Press Key 115
2020/07/07 07:17:35 Press Key 32
2020/07/07 07:17:35 Press Key 91
2020/07/07 07:17:35 Press Key 93
2020/07/07 07:17:35 Press Key 42
2020/07/07 07:17:36 Mouse Click
2020/07/07 07:17:36 Press Key 109
2020/07/07 07:17:37 Press Key 111
2020/07/07 07:17:37 Press Key 100
2020/07/07 07:17:37 Press Key 101
2020/07/07 07:17:38 Press Key 108
2020/07/07 07:17:38 Press Key 46
2020/07/07 07:17:38 Press Key 66
2020/07/07 07:17:38 Press Key 105
2020/07/07 07:17:39 Press Key 110
2020/07/07 07:17:39 Press Key 100
2020/07/07 07:17:39 Press Key 105
2020/07/07 07:17:40 Press Key 110
2020/07/07 07:17:40 Press Key 103
2020/07/07 07:17:40 Press Key 10
2020/07/07 07:17:41 Press Key 10
2020/07/07 07:17:41 Press Key 47
2020/07/07 07:17:41 Press Key 47
2020/07/07 07:17:41 Press Key 32
2020/07/07 07:17:42 Press Key 80
2020/07/07 07:17:42 Press Key 97
2020/07/07 07:17:42 Press Key 99
2020/07/07 07:17:43 Press Key 107
2020/07/07 07:17:43 Press Key 97
2020/07/07 07:17:43 Press Key 103
2020/07/07 07:17:44 Press Key 101
2020/07/07 07:17:44 Press Key 32
2020/07/07 07:17:44 STOP HOOK KEYBOARD
2020/07/07 07:17:44 END
2020/07/07 07:17:44 End Task
2020/07/07 07:17:56 END
 21:16:01 Press Key 110
2020/07/06 21:16:02 Press Key 32
2020/07/06 21:16:02 Press Key 112
2020/07/06 21:16:02 Press Key 114
2020/07/06 21:16:03 Press Key 111
2020/07/06 21:16:03 Press Key 118
2020/07/06 21:16:03 Press Key 105
2020/07/06 21:16:04 Press Key 100
2020/07/06 21:16:04 Press Key 101
2020/07/06 21:16:04 Press Key 115
2020/07/06 21:16:04 Press Key 32
2020/07/06 21:16:05 Press Key 46
2020/07/06 21:16:05 Press Key 46
2020/07/06 21:16:05 Press Key 46
2020/07/06 21:16:06 Press Key 10
2020/07/06 21:16:06 Press Key 10
2020/07/06 21:16:06 Press Key 102
2020/07/06 21:16:07 Press Key 117
2020/07/06 21:16:07 Press Key 110
2020/07/06 21:16:07 Press Key 99
2020/07/06 21:16:07 Press Key 32
2020/07/06 21:16:08 Press Key 75
2020/07/06 21:16:08 Press Key 101
2020/07/06 21:16:08 Press Key 121
2020/07/06 21:16:09 Mouse Click
2020/07/06 21:16:09 Press Key 98
2020/07/06 21:16:10 Press Key 105
2020/07/06 21:16:10 Press Key 110
2020/07/06 21:16:10 Press Key 100
2020/07/06 21:16:10 Press Key 105
2020/07/06 21:16:11 Press Key 110
2020/07/06 21:16:11 Press Key 103
2020/07/06 21:16:11 Press Key 115
2020/07/06 21:16:12 Press Key 40
2020/07/06 21:16:12 Press Key 103
2020/07/06 21:16:12 Press Key 32
2020/07/06 21:16:13 Press Key 42
2020/07/06 21:16:13 Press Key 103
2020/07/06 21:16:13 Press Key 111
2020/07/06 21:16:14 Press Key 99
2020/07/06 21:16:14 Press Key 117
2020/07/06 21:16:14 Press Key 105
2020/07/06 21:16:14 Press Key 46
2020/07/06 21:16:15 Press Key 71
2020/07/06 21:16:15 Press Key 117
2020/07/06 21:16:15 Press Key 105
2020/07/06 21:16:16 Press Key 41
2020/07/06 21:16:16 Press Key 32
2020/07/06 21:16:16 Press Key 101
2020/07/06 21:16:17 Press Key 114
2020/07/06 21:16:17 Press Key 114
2020/07/06 21:16:17 Press Key 111
2020/07/06 21:16:18 Mouse Click
2020/07/06 21:16:18 Press Key 114
2020/07/06 21:16:18 Press Key 32
2020/07/06 21:16:19 Press Key 123
2020/07/06 21:16:19 Press Key 10
2020/07/06 21:16:19 Press Key 9
2020/07/06 21:16:20 Press Key 98
2020/07/06 21:16:20 Press Key 105
2020/07/06 21:16:20 Press Key 110
2020/07/06 21:16:21 Press Key 100
2020/07/06 21:16:21 Press Key 105
2020/07/06 21:16:21 Press Key 110
2020/07/06 21:16:21 Press Key 103
2020/07/06 21:16:22 Press Key 115
2020/07/06 21:16:22 Press Key 32
2020/07/06 21:16:22 Press Key 61
2020/07/06 21:16:23 Press Key 32
2020/07/06 21:16:23 Press Key 91
2020/07/06 21:16:23 Press Key 93
2020/07/06 21:16:24 Press Key 42
2020/07/06 21:16:24 Press Key 109
2020/07/06 21:16:24 Press Key 111
2020/07/06 21:16:25 Press Key 100
2020/07/06 21:16:25 Press Key 101
2020/07/06 21:16:25 Press Key 108
2020/07/06 21:16:25 Press Key 46
2020/07/06 21:16:26 Press Key 66
2020/07/06 21:16:26 Press Key 105
2020/07/06 21:16:26 Press Key 110
2020/07/06 21:16:27 Mouse Click
2020/07/06 21:16:27 Press Key 100
2020/07/06 21:16:28 Press Key 105
2020/07/06 21:16:28 Press Key 110
2020/07/06 21:16:28 Press Key 103
2020/07/06 21:16:29 Press Key 123
2020/07/06 21:16:29 Press Key 10
2020/07/06 21:16:29 Press Key 9
2020/07/06 21:16:30 Press Key 9
2020/07/06 21:16:30 Press Key 123
2020/07/06 21:16:30 Press Key 10
2020/07/06 21:16:30 Press Key 9
2020/07/06 21:16:31 Press Key 9
2020/07/06 21:16:31 Press Key 9
2020/07/06 21:16:31 Press Key 86
2020/07/06 21:16:32 Press Key 105
2020/07/06 21:16:32 Press Key 101
2020/07/06 21:16:32 Press Key 119
2020/07/06 21:16:33 Press Key 78
2020/07/06 21:16:33 Press Key 97
2020/07/06 21:16:33 Press Key 109
2020/07/06 21:16:33 Press Key 101
2020/07/06 21:16:34 Press Key 58
2020/07/06 21:16:34 Press Key 32
2020/07/06 21:16:34 Press Key 109
2020/07/06 21:16:35 Press Key 111
2020/07/06 21:16:35 Press Key 100
2020/07/06 21:16:35 Press Key 101
2020/07/06 21:16:36 Mouse Click
